<?xml version="1.0" encoding="UTF-8"?>
<!-- Generated by org.testng.reporters.JUnitReportReporter -->
<testsuite hostname="GSOD-050620161" name="Exercises.Exercise10a" tests="1" failures="0" timestamp="14 Feb 2018 18:23:29 GMT" time="10.294" errors="0">
  <testcase name="testExercise10a" time="10.294" classname="Exercises.Exercise10a"/>
</testsuite> <!-- Exercises.Exercise10a -->
