<?xml version="1.0" encoding="UTF-8"?>
<!-- Generated by org.testng.reporters.JUnitReportReporter -->
<testsuite hostname="GSOD-050620161" name="Exercises.Exercise10c" tests="1" failures="0" timestamp="14 Feb 2018 18:22:08 GMT" time="5.438" errors="0">
  <testcase name="testExercise10b" time="5.438" classname="Exercises.Exercise10c"/>
</testsuite> <!-- Exercises.Exercise10c -->
