<?xml version="1.0" encoding="UTF-8"?>
<!-- Generated by org.testng.reporters.JUnitReportReporter -->
<testsuite hostname="EC2AMAZ-6I6MDIP" name="Exercises.Exercise6d" tests="1" failures="0" timestamp="13 Feb 2018 20:35:10 GMT" time="3.434" errors="0">
  <testcase name="testExercise6c" time="3.434" classname="Exercises.Exercise6d"/>
</testsuite> <!-- Exercises.Exercise6d -->
