<?xml version="1.0" encoding="UTF-8"?>
<!-- Generated by org.testng.reporters.JUnitReportReporter -->
<testsuite hostname="EC2AMAZ-6I6MDIP" name="Exercises.Exercise6" tests="1" failures="0" timestamp="13 Feb 2018 20:07:05 GMT" time="3.298" errors="0">
  <testcase name="testExercise6" time="3.298" classname="Exercises.Exercise6"/>
</testsuite> <!-- Exercises.Exercise6 -->
