<?xml version="1.0" encoding="UTF-8"?>
<!-- Generated by org.testng.reporters.JUnitReportReporter -->
<testsuite hostname="EC2AMAZ-6I6MDIP" name="Exercises.Exercise6c" tests="1" failures="0" timestamp="13 Feb 2018 20:33:12 GMT" time="3.598" errors="0">
  <testcase name="testExercise6c" time="3.598" classname="Exercises.Exercise6c"/>
</testsuite> <!-- Exercises.Exercise6c -->
