<?xml version="1.0" encoding="UTF-8"?>
<!-- Generated by org.testng.reporters.JUnitReportReporter -->
<testsuite hostname="EC2AMAZ-6I6MDIP" name="Exercises.Exercise6e" tests="1" failures="0" timestamp="13 Feb 2018 20:37:24 GMT" time="3.356" errors="0">
  <testcase name="testExercise6e" time="3.356" classname="Exercises.Exercise6e"/>
</testsuite> <!-- Exercises.Exercise6e -->
