<?xml version="1.0" encoding="UTF-8"?>
<!-- Generated by org.testng.reporters.JUnitReportReporter -->
<testsuite hostname="GSOD-050620161" name="Exercises.Exercise8f" tests="1" failures="0" timestamp="14 Feb 2018 16:28:36 GMT" time="3.917" errors="0">
  <testcase name="testExercise8f" time="3.917" classname="Exercises.Exercise8f"/>
</testsuite> <!-- Exercises.Exercise8f -->
