<?xml version="1.0" encoding="UTF-8"?>
<!-- Generated by org.testng.reporters.JUnitReportReporter -->
<testsuite hostname="GSOD-050620161" name="Exercises.Exercise9b" tests="1" failures="0" timestamp="14 Feb 2018 16:48:46 GMT" time="4.143" errors="0">
  <testcase name="testExercise9b" time="4.143" classname="Exercises.Exercise9b"/>
</testsuite> <!-- Exercises.Exercise9b -->
