<?xml version="1.0" encoding="UTF-8"?>
<!-- Generated by org.testng.reporters.JUnitReportReporter -->
<testsuite hostname="GSOD-050620161" name="Exercises.Exercise8e" tests="1" failures="0" timestamp="14 Feb 2018 16:16:22 GMT" time="8.737" errors="0">
  <testcase name="testExercise8" time="8.737" classname="Exercises.Exercise8e"/>
</testsuite> <!-- Exercises.Exercise8e -->
