<?xml version="1.0" encoding="UTF-8"?>
<!-- Generated by org.testng.reporters.JUnitReportReporter -->
<testsuite hostname="GSOD-050620161" name="Exercises.Exercise9a" tests="1" failures="0" timestamp="14 Feb 2018 19:18:36 GMT" time="4.233" errors="0">
  <testcase name="testExercise9a" time="4.233" classname="Exercises.Exercise9a"/>
</testsuite> <!-- Exercises.Exercise9a -->
