<?xml version="1.0" encoding="UTF-8"?>
<!-- Generated by org.testng.reporters.JUnitReportReporter -->
<testsuite hostname="EC2AMAZ-6I6MDIP" name="Exercises.Exercise7" tests="1" failures="0" timestamp="13 Feb 2018 21:01:30 GMT" time="4.211" errors="0">
  <testcase name="testExercise7" time="4.211" classname="Exercises.Exercise7"/>
</testsuite> <!-- Exercises.Exercise7 -->
