<?xml version="1.0" encoding="UTF-8"?>
<!-- Generated by org.testng.reporters.JUnitReportReporter -->
<testsuite hostname="GSOD-050620161" name="Exercises.Exercise10b" tests="1" failures="0" timestamp="14 Feb 2018 17:49:17 GMT" time="10.215" errors="0">
  <testcase name="testExercise10b" time="10.215" classname="Exercises.Exercise10b"/>
</testsuite> <!-- Exercises.Exercise10b -->
