<?xml version="1.0" encoding="UTF-8"?>
<!-- Generated by org.testng.reporters.JUnitReportReporter -->
<testsuite hostname="GSOD-050620161" name="Exercises.Exercise8c" tests="1" failures="0" timestamp="14 Feb 2018 15:50:55 GMT" time="3.652" errors="0">
  <testcase name="testExercise7" time="3.652" classname="Exercises.Exercise8c"/>
</testsuite> <!-- Exercises.Exercise8c -->
