<?xml version="1.0" encoding="UTF-8"?>
<!-- Generated by org.testng.reporters.JUnitReportReporter -->
<testsuite hostname="GSOD-050620161" name="Exercises.Exercise9b" tests="1" failures="0" timestamp="14 Feb 2018 19:21:16 GMT" time="5.006" errors="0">
  <testcase name="testExercise9b" time="5.006" classname="Exercises.Exercise9b"/>
</testsuite> <!-- Exercises.Exercise9b -->
